  [4;36;1mSQL (0.1ms)[0m   [0;1mSET NAMES 'utf8'[0m
  [4;35;1mSQL (0.1ms)[0m   [0mSET SQL_AUTO_IS_NULL=0[0m
  [4;36;1mSQL (0.3ms)[0m   [0;1mSHOW TABLES[0m
  [4;35;1mSQL (65.0ms)[0m   [0mCREATE TABLE `schema_migrations` (`version` varchar(255) NOT NULL) ENGINE=InnoDB[0m
  [4;36;1mSQL (201.1ms)[0m   [0;1mCREATE UNIQUE INDEX `unique_schema_migrations` ON `schema_migrations` (`version`)[0m
  [4;35;1mSQL (0.5ms)[0m   [0mSHOW TABLES[0m
  [4;36;1mSQL (0.3ms)[0m   [0;1mSELECT version FROM schema_migrations[0m
Migrating to CreateBookings (20100526040341)
  [4;35;1mSQL (89.8ms)[0m   [0mCREATE TABLE `bookings` (`id` int(11) DEFAULT NULL auto_increment PRIMARY KEY, `user_id` int(11), `name` varchar(255), `email` varchar(255), `phone` varchar(255), `claimed` tinyint(1) DEFAULT 0, `created_at` datetime, `updated_at` datetime) ENGINE=InnoDB[0m
  [4;36;1mSQL (0.5ms)[0m   [0;1mINSERT INTO schema_migrations (version) VALUES ('20100526040341')[0m
  [4;35;1mSQL (0.4ms)[0m   [0mSHOW TABLES[0m
  [4;36;1mSQL (0.2ms)[0m   [0;1mSELECT version FROM schema_migrations[0m
  [4;35;1mSQL (0.2ms)[0m   [0mSHOW TABLES[0m
  [4;36;1mSQL (1.2ms)[0m   [0;1mSHOW FIELDS FROM `bookings`[0m
  [4;35;1mSQL (1.2ms)[0m   [0mdescribe `bookings`[0m
  [4;36;1mSQL (0.3ms)[0m   [0;1mSHOW KEYS FROM `bookings`[0m
  [4;36;1mSQL (0.2ms)[0m   [0;1mSET NAMES 'utf8'[0m
  [4;35;1mSQL (0.1ms)[0m   [0mSET SQL_AUTO_IS_NULL=0[0m


Processing BookingsController#index (for 127.0.0.1 at 2010-05-26 12:14:14) [GET]
Rendering bookings/index
Completed in 31ms (View: 30, DB: 0) | 200 OK [http://localhost/]
  [4;36;1mSQL (0.1ms)[0m   [0;1mSET NAMES 'utf8'[0m
  [4;35;1mSQL (0.1ms)[0m   [0mSET SQL_AUTO_IS_NULL=0[0m


Processing BookingsController#index (for 127.0.0.1 at 2010-05-26 12:14:48) [GET]
Rendering bookings/index
Completed in 8ms (View: 6, DB: 0) | 200 OK [http://localhost/]
  [4;36;1mSQL (0.1ms)[0m   [0;1mSET NAMES 'utf8'[0m
  [4;35;1mSQL (0.1ms)[0m   [0mSET SQL_AUTO_IS_NULL=0[0m


Processing BookingsController#index (for 127.0.0.1 at 2010-05-26 12:16:07) [GET]
Rendering template within layouts/application
Rendering bookings/index
Completed in 10ms (View: 9, DB: 0) | 200 OK [http://localhost/]
  [4;36;1mSQL (0.1ms)[0m   [0;1mSET NAMES 'utf8'[0m
  [4;35;1mSQL (0.1ms)[0m   [0mSET SQL_AUTO_IS_NULL=0[0m


Processing BookingsController#index (for 127.0.0.1 at 2010-05-26 12:16:38) [GET]
Rendering template within layouts/application
Rendering bookings/index
Completed in 8ms (View: 7, DB: 0) | 200 OK [http://localhost/]
  [4;36;1mSQL (0.1ms)[0m   [0;1mSET NAMES 'utf8'[0m
  [4;35;1mSQL (0.1ms)[0m   [0mSET SQL_AUTO_IS_NULL=0[0m


Processing BookingsController#index (for 127.0.0.1 at 2010-05-26 12:17:01) [GET]
Rendering template within layouts/application
Rendering bookings/index
Completed in 8ms (View: 6, DB: 0) | 200 OK [http://localhost/]
  [4;36;1mSQL (0.1ms)[0m   [0;1mSET NAMES 'utf8'[0m
  [4;35;1mSQL (0.1ms)[0m   [0mSET SQL_AUTO_IS_NULL=0[0m


Processing BookingsController#create (for 127.0.0.1 at 2010-05-26 12:21:37) [POST]
  Parameters: {"commit"=>"Go", "authenticity_token"=>"FAzT/7kMNkAMTRkeV3RP0qxlNdXrfF6XewKnpNYOcmI=", "booking"=>{"phone"=>""}}
  [4;36;1mBooking Columns (1.3ms)[0m   [0;1mSHOW FIELDS FROM `bookings`[0m
  [4;35;1mBooking Load (0.3ms)[0m   [0mSELECT * FROM `bookings` WHERE (`bookings`.`phone` IS NULL) LIMIT 1[0m
Redirected to http://localhost:3000/bookings
Completed in 7ms (DB: 2) | 302 Found [http://localhost/bookings]
  [4;36;1mSQL (0.1ms)[0m   [0;1mSET NAMES 'utf8'[0m
  [4;35;1mSQL (0.1ms)[0m   [0mSET SQL_AUTO_IS_NULL=0[0m


Processing BookingsController#index (for 127.0.0.1 at 2010-05-26 12:21:37) [GET]
Rendering template within layouts/application
Rendering bookings/index
Completed in 4ms (View: 3, DB: 0) | 200 OK [http://localhost/bookings]
  [4;36;1mSQL (0.1ms)[0m   [0;1mSET NAMES 'utf8'[0m
  [4;35;1mSQL (0.1ms)[0m   [0mSET SQL_AUTO_IS_NULL=0[0m


Processing BookingsController#create (for 127.0.0.1 at 2010-05-26 12:21:41) [POST]
  Parameters: {"commit"=>"Go", "authenticity_token"=>"FAzT/7kMNkAMTRkeV3RP0qxlNdXrfF6XewKnpNYOcmI=", "booking"=>{"phone"=>"qrew"}}
  [4;36;1mBooking Columns (1.2ms)[0m   [0;1mSHOW FIELDS FROM `bookings`[0m
  [4;35;1mBooking Load (0.2ms)[0m   [0mSELECT * FROM `bookings` WHERE (`bookings`.`phone` IS NULL) LIMIT 1[0m
Redirected to http://localhost:3000/bookings
Completed in 70ms (DB: 2) | 302 Found [http://localhost/bookings]
  [4;36;1mSQL (0.2ms)[0m   [0;1mSET NAMES 'utf8'[0m
  [4;35;1mSQL (0.1ms)[0m   [0mSET SQL_AUTO_IS_NULL=0[0m


Processing BookingsController#index (for 127.0.0.1 at 2010-05-26 12:21:41) [GET]
Rendering template within layouts/application
Rendering bookings/index
Completed in 4ms (View: 3, DB: 0) | 200 OK [http://localhost/bookings]
  [4;36;1mSQL (0.2ms)[0m   [0;1mSET NAMES 'utf8'[0m
  [4;35;1mSQL (0.1ms)[0m   [0mSET SQL_AUTO_IS_NULL=0[0m
  [4;36;1mSQL (0.3ms)[0m   [0;1mSHOW TABLES[0m
  [4;35;1mSQL (0.2ms)[0m   [0mSELECT version FROM schema_migrations[0m
  [4;36;1mSQL (0.2ms)[0m   [0;1mSHOW TABLES[0m
  [4;35;1mSQL (0.1ms)[0m   [0mSELECT version FROM schema_migrations[0m
Migrating to CreateBookings (20100526040341)
  [4;36;1mSQL (1.1ms)[0m   [0;1mDROP TABLE `bookings`[0m
  [4;35;1mSQL (0.5ms)[0m   [0mDELETE FROM schema_migrations WHERE version = '20100526040341'[0m
  [4;36;1mSQL (0.3ms)[0m   [0;1mSHOW TABLES[0m
  [4;35;1mSQL (0.1ms)[0m   [0mSELECT version FROM schema_migrations[0m
  [4;36;1mSQL (0.2ms)[0m   [0;1mSHOW TABLES[0m
  [4;36;1mSQL (0.1ms)[0m   [0;1mSET NAMES 'utf8'[0m
  [4;35;1mSQL (0.1ms)[0m   [0mSET SQL_AUTO_IS_NULL=0[0m
  [4;36;1mSQL (0.3ms)[0m   [0;1mSHOW TABLES[0m
  [4;35;1mSQL (0.2ms)[0m   [0mSELECT version FROM schema_migrations[0m
Migrating to CreateBookings (20100526040341)
  [4;36;1mSQL (108.9ms)[0m   [0;1mCREATE TABLE `bookings` (`id` int(11) DEFAULT NULL auto_increment PRIMARY KEY, `user_id` int(11), `name` varchar(255), `email` varchar(255), `phone` varchar(255), `claimed` tinyint(1) DEFAULT 0, `created_at` datetime, `updated_at` datetime) ENGINE=InnoDB[0m
  [4;35;1mSQL (11.0ms)[0m   [0mINSERT INTO schema_migrations (version) VALUES ('20100526040341')[0m
  [4;36;1mSQL (0.5ms)[0m   [0;1mSHOW TABLES[0m
  [4;35;1mSQL (0.2ms)[0m   [0mSELECT version FROM schema_migrations[0m
  [4;36;1mSQL (0.2ms)[0m   [0;1mSHOW TABLES[0m
  [4;35;1mSQL (8.7ms)[0m   [0mSHOW FIELDS FROM `bookings`[0m
  [4;36;1mSQL (1.1ms)[0m   [0;1mdescribe `bookings`[0m
  [4;35;1mSQL (0.4ms)[0m   [0mSHOW KEYS FROM `bookings`[0m
  [4;36;1mSQL (0.1ms)[0m   [0;1mSET NAMES 'utf8'[0m
  [4;35;1mSQL (0.1ms)[0m   [0mSET SQL_AUTO_IS_NULL=0[0m


Processing BookingsController#index (for 127.0.0.1 at 2010-05-26 16:19:29) [GET]
Rendering template within layouts/application
Rendering bookings/index
Completed in 4ms (View: 2, DB: 0) | 200 OK [http://localhost/bookings]
  [4;36;1mSQL (0.1ms)[0m   [0;1mSET NAMES 'utf8'[0m
  [4;35;1mSQL (0.1ms)[0m   [0mSET SQL_AUTO_IS_NULL=0[0m


Processing BookingsController#create (for 127.0.0.1 at 2010-05-26 16:19:44) [POST]
  Parameters: {"commit"=>"Go", "authenticity_token"=>"FAzT/7kMNkAMTRkeV3RP0qxlNdXrfF6XewKnpNYOcmI=", "booking"=>{"phone"=>"123123123"}}
  [4;36;1mBooking Columns (1.5ms)[0m   [0;1mSHOW FIELDS FROM `bookings`[0m
  [4;35;1mBooking Load (25.1ms)[0m   [0mSELECT * FROM `bookings` WHERE (`bookings`.`phone` = '123123123') LIMIT 1[0m
Redirected to http://localhost:3000/bookings
Completed in 48ms (DB: 27) | 302 Found [http://localhost/bookings]
  [4;36;1mSQL (0.1ms)[0m   [0;1mSET NAMES 'utf8'[0m
  [4;35;1mSQL (0.1ms)[0m   [0mSET SQL_AUTO_IS_NULL=0[0m


Processing BookingsController#index (for 127.0.0.1 at 2010-05-26 16:19:44) [GET]
Rendering template within layouts/application
Rendering bookings/index
Completed in 4ms (View: 3, DB: 0) | 200 OK [http://localhost/bookings]
  [4;36;1mSQL (0.3ms)[0m   [0;1mSET NAMES 'utf8'[0m
  [4;35;1mSQL (0.1ms)[0m   [0mSET SQL_AUTO_IS_NULL=0[0m


Processing BookingsController#create (for 127.0.0.1 at 2010-05-26 16:19:51) [POST]
  Parameters: {"commit"=>"Go", "authenticity_token"=>"FAzT/7kMNkAMTRkeV3RP0qxlNdXrfF6XewKnpNYOcmI=", "booking"=>{"phone"=>"0133764976"}}
  [4;36;1mBooking Columns (17.6ms)[0m   [0;1mSHOW FIELDS FROM `bookings`[0m
  [4;35;1mBooking Load (12.7ms)[0m   [0mSELECT * FROM `bookings` WHERE (`bookings`.`phone` = '0133764976') LIMIT 1[0m
Redirected to http://localhost:3000/bookings/2
Completed in 37ms (DB: 31) | 302 Found [http://localhost/bookings]
  [4;36;1mSQL (0.1ms)[0m   [0;1mSET NAMES 'utf8'[0m
  [4;35;1mSQL (0.1ms)[0m   [0mSET SQL_AUTO_IS_NULL=0[0m


Processing BookingsController#show (for 127.0.0.1 at 2010-05-26 16:19:51) [GET]
  Parameters: {"id"=>"2"}
  [4;36;1mBooking Columns (1.2ms)[0m   [0;1mSHOW FIELDS FROM `bookings`[0m
  [4;35;1mBooking Load (0.3ms)[0m   [0mSELECT * FROM `bookings` WHERE (`bookings`.`id` = 2) [0m
Rendering template within layouts/application
Rendering bookings/show
Completed in 14ms (View: 7, DB: 2) | 200 OK [http://localhost/bookings/2]
  [4;36;1mSQL (0.1ms)[0m   [0;1mSET NAMES 'utf8'[0m
  [4;35;1mSQL (0.1ms)[0m   [0mSET SQL_AUTO_IS_NULL=0[0m


Processing ApplicationController#index (for 127.0.0.1 at 2010-05-26 16:20:05) [POST]
  Parameters: {"commit"=>"Claim Now!!!", "authenticity_token"=>"FAzT/7kMNkAMTRkeV3RP0qxlNdXrfF6XewKnpNYOcmI="}

ActionController::MethodNotAllowed (Only get, put, and delete requests are allowed.):
  

Rendered rescues/_trace (29.1ms)
Rendered rescues/_request_and_response (1.2ms)
Rendering rescues/layout (method_not_allowed)
  [4;36;1mSQL (0.1ms)[0m   [0;1mSET NAMES 'utf8'[0m
  [4;35;1mSQL (0.1ms)[0m   [0mSET SQL_AUTO_IS_NULL=0[0m


Processing BookingsController#show (for 127.0.0.1 at 2010-05-26 16:21:15) [GET]
  Parameters: {"id"=>"2"}
  [4;36;1mBooking Columns (1.3ms)[0m   [0;1mSHOW FIELDS FROM `bookings`[0m
  [4;35;1mBooking Load (0.6ms)[0m   [0mSELECT * FROM `bookings` WHERE (`bookings`.`id` = 2) [0m
Rendering template within layouts/application
Rendering bookings/show
Completed in 81ms (View: 73, DB: 2) | 200 OK [http://localhost/bookings/2]
  [4;36;1mSQL (0.1ms)[0m   [0;1mSET NAMES 'utf8'[0m
  [4;35;1mSQL (0.1ms)[0m   [0mSET SQL_AUTO_IS_NULL=0[0m


Processing ApplicationController#index (for 127.0.0.1 at 2010-05-26 16:21:17) [POST]
  Parameters: {"commit"=>"Claim Now!!!", "authenticity_token"=>"FAzT/7kMNkAMTRkeV3RP0qxlNdXrfF6XewKnpNYOcmI="}

ActionController::MethodNotAllowed (Only get, put, and delete requests are allowed.):
  

Rendered rescues/_trace (27.9ms)
Rendered rescues/_request_and_response (0.3ms)
Rendering rescues/layout (method_not_allowed)
  [4;36;1mSQL (0.1ms)[0m   [0;1mSET NAMES 'utf8'[0m
  [4;35;1mSQL (0.1ms)[0m   [0mSET SQL_AUTO_IS_NULL=0[0m


Processing BookingsController#show (for 127.0.0.1 at 2010-05-26 16:21:25) [GET]
  Parameters: {"id"=>"2"}
  [4;36;1mBooking Columns (1.2ms)[0m   [0;1mSHOW FIELDS FROM `bookings`[0m
  [4;35;1mBooking Load (0.5ms)[0m   [0mSELECT * FROM `bookings` WHERE (`bookings`.`id` = 2) [0m
Rendering template within layouts/application
Rendering bookings/show
Completed in 14ms (View: 7, DB: 2) | 200 OK [http://localhost/bookings/2]
  [4;36;1mSQL (0.1ms)[0m   [0;1mSET NAMES 'utf8'[0m
  [4;35;1mSQL (0.1ms)[0m   [0mSET SQL_AUTO_IS_NULL=0[0m


Processing BookingsController#update (for 127.0.0.1 at 2010-05-26 16:21:27) [PUT]
  Parameters: {"commit"=>"Claim Now!!!", "authenticity_token"=>"FAzT/7kMNkAMTRkeV3RP0qxlNdXrfF6XewKnpNYOcmI=", "id"=>"2"}
  [4;36;1mBooking Columns (1.2ms)[0m   [0;1mSHOW FIELDS FROM `bookings`[0m
  [4;35;1mBooking Load (0.7ms)[0m   [0mSELECT * FROM `bookings` WHERE (`bookings`.`id` = 2) [0m

NoMethodError (undefined method `update_attribute!' for #<Booking:0x1035a7fe0>):
  app/controllers/bookings_controller.rb:36:in `update'

Rendered rescues/_trace (36.0ms)
Rendered rescues/_request_and_response (0.4ms)
Rendering rescues/layout (internal_server_error)
  [4;36;1mSQL (0.1ms)[0m   [0;1mSET NAMES 'utf8'[0m
  [4;35;1mSQL (0.1ms)[0m   [0mSET SQL_AUTO_IS_NULL=0[0m


Processing BookingsController#update (for 127.0.0.1 at 2010-05-26 16:21:41) [PUT]
  Parameters: {"commit"=>"Claim Now!!!", "authenticity_token"=>"FAzT/7kMNkAMTRkeV3RP0qxlNdXrfF6XewKnpNYOcmI=", "id"=>"2"}
  [4;36;1mBooking Columns (2.0ms)[0m   [0;1mSHOW FIELDS FROM `bookings`[0m
  [4;35;1mBooking Load (0.4ms)[0m   [0mSELECT * FROM `bookings` WHERE (`bookings`.`id` = 2) [0m
  [4;36;1mSQL (46.4ms)[0m   [0;1mBEGIN[0m
  [4;35;1mBooking Update (11.9ms)[0m   [0mUPDATE `bookings` SET `updated_at` = '2010-05-26 08:21:41', `claimed` = 1 WHERE `id` = 2[0m
  [4;36;1mSQL (9.9ms)[0m   [0;1mCOMMIT[0m
Redirected to http://localhost:3000/bookings
Completed in 80ms (DB: 71) | 302 Found [http://localhost/bookings/2]
  [4;35;1mSQL (0.1ms)[0m   [0mSET NAMES 'utf8'[0m
  [4;36;1mSQL (0.1ms)[0m   [0;1mSET SQL_AUTO_IS_NULL=0[0m


Processing BookingsController#index (for 127.0.0.1 at 2010-05-26 16:21:42) [GET]
Rendering template within layouts/application
Rendering bookings/index
Completed in 4ms (View: 2, DB: 0) | 200 OK [http://localhost/bookings]
  [4;35;1mSQL (0.1ms)[0m   [0mSET NAMES 'utf8'[0m
  [4;36;1mSQL (0.1ms)[0m   [0;1mSET SQL_AUTO_IS_NULL=0[0m


Processing BookingsController#create (for 127.0.0.1 at 2010-05-26 16:21:59) [POST]
  Parameters: {"commit"=>"Go", "authenticity_token"=>"FAzT/7kMNkAMTRkeV3RP0qxlNdXrfF6XewKnpNYOcmI=", "booking"=>{"phone"=>"0133764976"}}
  [4;35;1mBooking Columns (1.7ms)[0m   [0mSHOW FIELDS FROM `bookings`[0m
  [4;36;1mBooking Load (0.3ms)[0m   [0;1mSELECT * FROM `bookings` WHERE (`bookings`.`phone` = '0133764976') LIMIT 1[0m
Redirected to http://localhost:3000/bookings
Completed in 8ms (DB: 2) | 302 Found [http://localhost/bookings]
  [4;35;1mSQL (0.1ms)[0m   [0mSET NAMES 'utf8'[0m
  [4;36;1mSQL (0.1ms)[0m   [0;1mSET SQL_AUTO_IS_NULL=0[0m


Processing BookingsController#index (for 127.0.0.1 at 2010-05-26 16:21:59) [GET]
Rendering template within layouts/application
Rendering bookings/index
Completed in 4ms (View: 2, DB: 0) | 200 OK [http://localhost/bookings]
  [4;35;1mSQL (0.1ms)[0m   [0mSET NAMES 'utf8'[0m
  [4;36;1mSQL (0.1ms)[0m   [0;1mSET SQL_AUTO_IS_NULL=0[0m


Processing BookingsController#create (for 127.0.0.1 at 2010-05-26 16:22:01) [POST]
  Parameters: {"commit"=>"Go", "authenticity_token"=>"FAzT/7kMNkAMTRkeV3RP0qxlNdXrfF6XewKnpNYOcmI=", "booking"=>{"phone"=>"0133764976"}}
  [4;35;1mBooking Columns (1.2ms)[0m   [0mSHOW FIELDS FROM `bookings`[0m
  [4;36;1mBooking Load (0.4ms)[0m   [0;1mSELECT * FROM `bookings` WHERE (`bookings`.`phone` = '0133764976') LIMIT 1[0m
Redirected to http://localhost:3000/bookings
Completed in 8ms (DB: 2) | 302 Found [http://localhost/bookings]
  [4;35;1mSQL (0.1ms)[0m   [0mSET NAMES 'utf8'[0m
  [4;36;1mSQL (0.1ms)[0m   [0;1mSET SQL_AUTO_IS_NULL=0[0m


Processing BookingsController#index (for 127.0.0.1 at 2010-05-26 16:22:01) [GET]
Rendering template within layouts/application
Rendering bookings/index
Completed in 4ms (View: 3, DB: 0) | 200 OK [http://localhost/bookings]
  [4;35;1mSQL (0.1ms)[0m   [0mSET NAMES 'utf8'[0m
  [4;36;1mSQL (0.1ms)[0m   [0;1mSET SQL_AUTO_IS_NULL=0[0m


Processing BookingsController#create (for 127.0.0.1 at 2010-05-26 16:27:53) [POST]
  Parameters: {"commit"=>"Go", "authenticity_token"=>"FAzT/7kMNkAMTRkeV3RP0qxlNdXrfF6XewKnpNYOcmI=", "booking"=>{"phone"=>"0177034723"}}
  [4;35;1mBooking Columns (1.2ms)[0m   [0mSHOW FIELDS FROM `bookings`[0m
  [4;36;1mBooking Load (0.8ms)[0m   [0;1mSELECT * FROM `bookings` WHERE (`bookings`.`phone` = '0177034723') LIMIT 1[0m
Redirected to http://localhost:3000/bookings/5
Completed in 9ms (DB: 2) | 302 Found [http://localhost/bookings]
  [4;35;1mSQL (0.1ms)[0m   [0mSET NAMES 'utf8'[0m
  [4;36;1mSQL (0.1ms)[0m   [0;1mSET SQL_AUTO_IS_NULL=0[0m


Processing BookingsController#show (for 127.0.0.1 at 2010-05-26 16:27:53) [GET]
  Parameters: {"id"=>"5"}
  [4;35;1mBooking Columns (1.3ms)[0m   [0mSHOW FIELDS FROM `bookings`[0m
  [4;36;1mBooking Load (0.3ms)[0m   [0;1mSELECT * FROM `bookings` WHERE (`bookings`.`id` = 5) [0m
Rendering template within layouts/application
Rendering bookings/show
Completed in 10ms (View: 3, DB: 2) | 200 OK [http://localhost/bookings/5]
  [4;35;1mSQL (0.1ms)[0m   [0mSET NAMES 'utf8'[0m
  [4;36;1mSQL (0.1ms)[0m   [0;1mSET SQL_AUTO_IS_NULL=0[0m


Processing BookingsController#update (for 127.0.0.1 at 2010-05-26 16:27:57) [PUT]
  Parameters: {"commit"=>"Claim Now!!!", "authenticity_token"=>"FAzT/7kMNkAMTRkeV3RP0qxlNdXrfF6XewKnpNYOcmI=", "id"=>"5"}
  [4;35;1mBooking Columns (1.1ms)[0m   [0mSHOW FIELDS FROM `bookings`[0m
  [4;36;1mBooking Load (1.1ms)[0m   [0;1mSELECT * FROM `bookings` WHERE (`bookings`.`id` = 5) [0m
  [4;35;1mSQL (0.1ms)[0m   [0mBEGIN[0m
  [4;36;1mBooking Update (0.3ms)[0m   [0;1mUPDATE `bookings` SET `updated_at` = '2010-05-26 08:27:57', `claimed` = 1 WHERE `id` = 5[0m
  [4;35;1mSQL (0.4ms)[0m   [0mCOMMIT[0m
Redirected to http://localhost:3000/bookings
Completed in 11ms (DB: 3) | 302 Found [http://localhost/bookings/5]
  [4;36;1mSQL (0.1ms)[0m   [0;1mSET NAMES 'utf8'[0m
  [4;35;1mSQL (0.1ms)[0m   [0mSET SQL_AUTO_IS_NULL=0[0m


Processing BookingsController#index (for 127.0.0.1 at 2010-05-26 16:27:57) [GET]
Rendering template within layouts/application
Rendering bookings/index
Completed in 4ms (View: 3, DB: 0) | 200 OK [http://localhost/bookings]
  [4;36;1mSQL (0.2ms)[0m   [0;1mSET NAMES 'utf8'[0m
  [4;35;1mSQL (0.1ms)[0m   [0mSET SQL_AUTO_IS_NULL=0[0m
  [4;36;1mSQL (0.3ms)[0m   [0;1mSHOW TABLES[0m
  [4;35;1mSQL (0.2ms)[0m   [0mSELECT version FROM schema_migrations[0m
Migrating to CreateBookings (20100526040341)
Migrating to AddIndexKeyToPhone (20100526095858)
  [4;36;1mSQL (1070.1ms)[0m   [0;1mCREATE INDEX `index_bookings_on_phone` ON `bookings` (`phone`)[0m
  [4;35;1mSQL (0.4ms)[0m   [0mINSERT INTO schema_migrations (version) VALUES ('20100526095858')[0m
  [4;36;1mSQL (0.4ms)[0m   [0;1mSHOW TABLES[0m
  [4;35;1mSQL (0.2ms)[0m   [0mSELECT version FROM schema_migrations[0m
  [4;36;1mSQL (0.3ms)[0m   [0;1mSHOW TABLES[0m
  [4;35;1mSQL (25.7ms)[0m   [0mSHOW FIELDS FROM `bookings`[0m
  [4;36;1mSQL (2.0ms)[0m   [0;1mdescribe `bookings`[0m
  [4;35;1mSQL (5.0ms)[0m   [0mSHOW KEYS FROM `bookings`[0m
  [4;36;1mSQL (73.5ms)[0m   [0;1mSET NAMES 'utf8'[0m
  [4;35;1mSQL (20.3ms)[0m   [0mSET SQL_AUTO_IS_NULL=0[0m


Processing BookingsController#index (for 127.0.0.1 at 2010-05-27 14:18:21) [GET]
Rendering template within layouts/application
Rendering bookings/index
Completed in 169ms (View: 168, DB: 94) | 200 OK [http://localhost/]
  [4;36;1mSQL (0.1ms)[0m   [0;1mSET NAMES 'utf8'[0m
  [4;35;1mSQL (0.1ms)[0m   [0mSET SQL_AUTO_IS_NULL=0[0m


Processing BookingsController#create (for 127.0.0.1 at 2010-05-27 14:18:24) [POST]
  Parameters: {"commit"=>"Search", "authenticity_token"=>"9bJTE9ZwRU+gbs01f/LD2eXmcntVSRaLopZFu8r4sWM=", "booking"=>{"phone"=>""}}
  [4;36;1mBooking Columns (295.5ms)[0m   [0;1mSHOW FIELDS FROM `bookings`[0m
  [4;35;1mBooking Load (67.3ms)[0m   [0mSELECT * FROM `bookings` WHERE (`bookings`.`phone` = '') LIMIT 1[0m
Redirected to http://localhost:3000/bookings/677
Completed in 424ms (DB: 363) | 302 Found [http://localhost/bookings]
  [4;36;1mSQL (0.1ms)[0m   [0;1mSET NAMES 'utf8'[0m
  [4;35;1mSQL (0.1ms)[0m   [0mSET SQL_AUTO_IS_NULL=0[0m


Processing BookingsController#show (for 127.0.0.1 at 2010-05-27 14:18:24) [GET]
  Parameters: {"id"=>"677"}
  [4;36;1mBooking Columns (1.2ms)[0m   [0;1mSHOW FIELDS FROM `bookings`[0m
  [4;35;1mBooking Load (1.2ms)[0m   [0mSELECT * FROM `bookings` WHERE (`bookings`.`id` = 677) [0m
Rendering template within layouts/application
Rendering bookings/show
Completed in 17ms (View: 9, DB: 3) | 200 OK [http://localhost/bookings/677]
  [4;36;1mSQL (0.1ms)[0m   [0;1mSET NAMES 'utf8'[0m
  [4;35;1mSQL (0.1ms)[0m   [0mSET SQL_AUTO_IS_NULL=0[0m


Processing BookingsController#create (for 127.0.0.1 at 2010-05-27 14:18:38) [POST]
  Parameters: {"commit"=>"Search", "authenticity_token"=>"9bJTE9ZwRU+gbs01f/LD2eXmcntVSRaLopZFu8r4sWM=", "booking"=>{"phone"=>""}}
Redirected to http://localhost:3000/bookings
Completed in 2ms (DB: 0) | 302 Found [http://localhost/bookings]
  [4;36;1mSQL (0.1ms)[0m   [0;1mSET NAMES 'utf8'[0m
  [4;35;1mSQL (0.1ms)[0m   [0mSET SQL_AUTO_IS_NULL=0[0m


Processing BookingsController#index (for 127.0.0.1 at 2010-05-27 14:18:38) [GET]
Rendering template within layouts/application
Rendering bookings/index
Completed in 7ms (View: 4, DB: 0) | 200 OK [http://localhost/bookings]
  [4;36;1mSQL (0.1ms)[0m   [0;1mSET NAMES 'utf8'[0m
  [4;35;1mSQL (0.1ms)[0m   [0mSET SQL_AUTO_IS_NULL=0[0m


Processing BookingsController#create (for 127.0.0.1 at 2010-05-27 14:18:40) [POST]
  Parameters: {"commit"=>"Search", "authenticity_token"=>"9bJTE9ZwRU+gbs01f/LD2eXmcntVSRaLopZFu8r4sWM=", "booking"=>{"phone"=>""}}
Redirected to http://localhost:3000/bookings
Completed in 2ms (DB: 0) | 302 Found [http://localhost/bookings]
  [4;36;1mSQL (0.1ms)[0m   [0;1mSET NAMES 'utf8'[0m
  [4;35;1mSQL (0.1ms)[0m   [0mSET SQL_AUTO_IS_NULL=0[0m


Processing BookingsController#index (for 127.0.0.1 at 2010-05-27 14:18:40) [GET]
Rendering template within layouts/application
Rendering bookings/index
Completed in 5ms (View: 3, DB: 0) | 200 OK [http://localhost/bookings]
  [4;36;1mSQL (89.8ms)[0m   [0;1mSET NAMES 'utf8'[0m
  [4;35;1mSQL (1.6ms)[0m   [0mSET SQL_AUTO_IS_NULL=0[0m


Processing BookingsController#index (for 127.0.0.1 at 2010-05-28 19:53:10) [GET]
Rendering template within layouts/application
Rendering bookings/index
Completed in 114ms (View: 112, DB: 91) | 200 OK [http://localhost/]
  [4;36;1mSQL (0.2ms)[0m   [0;1mSET NAMES 'utf8'[0m
  [4;35;1mSQL (0.1ms)[0m   [0mSET SQL_AUTO_IS_NULL=0[0m


Processing BookingsController#index (for 127.0.0.1 at 2010-05-28 19:53:20) [GET]
Rendering template within layouts/application
Rendering bookings/index
Completed in 9ms (View: 8, DB: 0) | 200 OK [http://localhost/]
  [4;36;1mSQL (0.1ms)[0m   [0;1mSET NAMES 'utf8'[0m
  [4;35;1mSQL (0.1ms)[0m   [0mSET SQL_AUTO_IS_NULL=0[0m


Processing BookingsController#index (for 127.0.0.1 at 2010-05-28 19:53:26) [GET]
Rendering template within layouts/application
Rendering bookings/index
Completed in 9ms (View: 8, DB: 0) | 200 OK [http://localhost/]
  [4;36;1mSQL (0.1ms)[0m   [0;1mSET NAMES 'utf8'[0m
  [4;35;1mSQL (0.1ms)[0m   [0mSET SQL_AUTO_IS_NULL=0[0m


Processing BookingsController#index (for 127.0.0.1 at 2010-05-28 19:53:35) [GET]
Rendering template within layouts/application
Rendering bookings/index
Completed in 10ms (View: 8, DB: 0) | 200 OK [http://localhost/]
  [4;36;1mSQL (0.1ms)[0m   [0;1mSET NAMES 'utf8'[0m
  [4;35;1mSQL (0.1ms)[0m   [0mSET SQL_AUTO_IS_NULL=0[0m


Processing BookingsController#index (for 127.0.0.1 at 2010-05-28 19:53:45) [GET]
Rendering template within layouts/application
Rendering bookings/index
Completed in 69ms (View: 67, DB: 0) | 200 OK [http://localhost/]
  [4;36;1mSQL (0.1ms)[0m   [0;1mSET NAMES 'utf8'[0m
  [4;35;1mSQL (0.1ms)[0m   [0mSET SQL_AUTO_IS_NULL=0[0m


Processing BookingsController#create (for 127.0.0.1 at 2010-05-28 19:56:32) [POST]
  Parameters: {"commit"=>"Search", "authenticity_token"=>"S5GvtG907VeFE+RmYcuCtA9bNJpT+ch5wu8ZoCl6nbs=", "booking"=>{"phone"=>"", "email"=>""}}
Redirected to http://localhost:3000/bookings
Completed in 2ms (DB: 0) | 302 Found [http://localhost/bookings]
  [4;36;1mSQL (0.1ms)[0m   [0;1mSET NAMES 'utf8'[0m
  [4;35;1mSQL (0.1ms)[0m   [0mSET SQL_AUTO_IS_NULL=0[0m


Processing BookingsController#index (for 127.0.0.1 at 2010-05-28 19:56:32) [GET]
Rendering template within layouts/application
Rendering bookings/index
Completed in 9ms (View: 8, DB: 0) | 200 OK [http://localhost/bookings]
  [4;36;1mSQL (0.1ms)[0m   [0;1mSET NAMES 'utf8'[0m
  [4;35;1mSQL (0.1ms)[0m   [0mSET SQL_AUTO_IS_NULL=0[0m


Processing BookingsController#create (for 127.0.0.1 at 2010-05-28 19:56:35) [POST]
  Parameters: {"commit"=>"Search", "authenticity_token"=>"S5GvtG907VeFE+RmYcuCtA9bNJpT+ch5wu8ZoCl6nbs=", "booking"=>{"phone"=>"123123", "email"=>""}}
  [4;36;1mBooking Columns (314.3ms)[0m   [0;1mSHOW FIELDS FROM `bookings`[0m
  [4;35;1mBooking Load (79.2ms)[0m   [0mSELECT * FROM `bookings` WHERE (`bookings`.`phone` = '123123') LIMIT 1[0m
Redirected to http://localhost:3000/bookings
Completed in 453ms (DB: 394) | 302 Found [http://localhost/bookings]
  [4;36;1mSQL (0.3ms)[0m   [0;1mSET NAMES 'utf8'[0m
  [4;35;1mSQL (0.1ms)[0m   [0mSET SQL_AUTO_IS_NULL=0[0m


Processing BookingsController#index (for 127.0.0.1 at 2010-05-28 19:56:36) [GET]
Rendering template within layouts/application
Rendering bookings/index
Completed in 7ms (View: 5, DB: 0) | 200 OK [http://localhost/bookings]
  [4;36;1mSQL (0.1ms)[0m   [0;1mSET NAMES 'utf8'[0m
  [4;35;1mSQL (0.1ms)[0m   [0mSET SQL_AUTO_IS_NULL=0[0m


Processing BookingsController#create (for 127.0.0.1 at 2010-05-28 19:56:39) [POST]
  Parameters: {"commit"=>"Search", "authenticity_token"=>"S5GvtG907VeFE+RmYcuCtA9bNJpT+ch5wu8ZoCl6nbs=", "booking"=>{"phone"=>"123123", "email"=>""}}
  [4;36;1mBooking Columns (16.5ms)[0m   [0;1mSHOW FIELDS FROM `bookings`[0m
  [4;35;1mBooking Load (0.5ms)[0m   [0mSELECT * FROM `bookings` WHERE (`bookings`.`phone` = '123123') LIMIT 1[0m
Redirected to http://localhost:3000/bookings
Completed in 22ms (DB: 17) | 302 Found [http://localhost/bookings]
  [4;36;1mSQL (0.2ms)[0m   [0;1mSET NAMES 'utf8'[0m
  [4;35;1mSQL (0.1ms)[0m   [0mSET SQL_AUTO_IS_NULL=0[0m


Processing BookingsController#index (for 127.0.0.1 at 2010-05-28 19:56:39) [GET]
Rendering template within layouts/application
Rendering bookings/index
Completed in 5ms (View: 4, DB: 0) | 200 OK [http://localhost/bookings]
  [4;36;1mSQL (0.1ms)[0m   [0;1mSET NAMES 'utf8'[0m
  [4;35;1mSQL (0.2ms)[0m   [0mSET SQL_AUTO_IS_NULL=0[0m


Processing BookingsController#create (for 127.0.0.1 at 2010-05-28 19:57:06) [POST]
  Parameters: {"commit"=>"Search", "authenticity_token"=>"S5GvtG907VeFE+RmYcuCtA9bNJpT+ch5wu8ZoCl6nbs=", "booking"=>{"phone"=>"0198944490", "email"=>""}}
  [4;36;1mBooking Columns (2.2ms)[0m   [0;1mSHOW FIELDS FROM `bookings`[0m
  [4;35;1mBooking Load (0.4ms)[0m   [0mSELECT * FROM `bookings` WHERE (`bookings`.`phone` = '0198944490') LIMIT 1[0m
Redirected to http://localhost:3000/bookings/1
Completed in 10ms (DB: 3) | 302 Found [http://localhost/bookings]
  [4;36;1mSQL (0.1ms)[0m   [0;1mSET NAMES 'utf8'[0m
  [4;35;1mSQL (0.1ms)[0m   [0mSET SQL_AUTO_IS_NULL=0[0m


Processing BookingsController#show (for 127.0.0.1 at 2010-05-28 19:57:06) [GET]
  Parameters: {"id"=>"1"}
  [4;36;1mBooking Columns (1.4ms)[0m   [0;1mSHOW FIELDS FROM `bookings`[0m
  [4;35;1mBooking Load (0.9ms)[0m   [0mSELECT * FROM `bookings` WHERE (`bookings`.`id` = 1) [0m
Rendering template within layouts/application
Rendering bookings/show
Completed in 22ms (View: 15, DB: 2) | 200 OK [http://localhost/bookings/1]
  [4;36;1mSQL (0.1ms)[0m   [0;1mSET NAMES 'utf8'[0m
  [4;35;1mSQL (0.1ms)[0m   [0mSET SQL_AUTO_IS_NULL=0[0m


Processing BookingsController#create (for 127.0.0.1 at 2010-05-28 19:57:17) [POST]
  Parameters: {"commit"=>"Search", "authenticity_token"=>"S5GvtG907VeFE+RmYcuCtA9bNJpT+ch5wu8ZoCl6nbs=", "booking"=>{"phone"=>"0198944490", "email"=>"chocoberryshake@yahoo.com"}}
  [4;36;1mBooking Columns (1.4ms)[0m   [0;1mSHOW FIELDS FROM `bookings`[0m
  [4;35;1mBooking Load (0.3ms)[0m   [0mSELECT * FROM `bookings` WHERE (`bookings`.`phone` = '0198944490') LIMIT 1[0m
Redirected to http://localhost:3000/bookings/1
Completed in 8ms (DB: 2) | 302 Found [http://localhost/bookings]
  [4;36;1mSQL (0.1ms)[0m   [0;1mSET NAMES 'utf8'[0m
  [4;35;1mSQL (0.1ms)[0m   [0mSET SQL_AUTO_IS_NULL=0[0m


Processing BookingsController#show (for 127.0.0.1 at 2010-05-28 19:57:17) [GET]
  Parameters: {"id"=>"1"}
  [4;36;1mBooking Columns (1.5ms)[0m   [0;1mSHOW FIELDS FROM `bookings`[0m
  [4;35;1mBooking Load (0.2ms)[0m   [0mSELECT * FROM `bookings` WHERE (`bookings`.`id` = 1) [0m
Rendering template within layouts/application
Rendering bookings/show
Completed in 10ms (View: 3, DB: 2) | 200 OK [http://localhost/bookings/1]
  [4;36;1mSQL (0.1ms)[0m   [0;1mSET NAMES 'utf8'[0m
  [4;35;1mSQL (0.1ms)[0m   [0mSET SQL_AUTO_IS_NULL=0[0m


Processing BookingsController#create (for 127.0.0.1 at 2010-05-28 19:57:21) [POST]
  Parameters: {"commit"=>"Search", "authenticity_token"=>"S5GvtG907VeFE+RmYcuCtA9bNJpT+ch5wu8ZoCl6nbs=", "booking"=>{"phone"=>"", "email"=>"chocoberryshake@yahoo.com"}}
  [4;36;1mBooking Columns (1.4ms)[0m   [0;1mSHOW FIELDS FROM `bookings`[0m
  [4;35;1mBooking Load (0.3ms)[0m   [0mSELECT * FROM `bookings` WHERE (`bookings`.`email` = 'chocoberryshake@yahoo.com') LIMIT 1[0m
Redirected to http://localhost:3000/bookings/1
Completed in 8ms (DB: 2) | 302 Found [http://localhost/bookings]
  [4;36;1mSQL (0.2ms)[0m   [0;1mSET NAMES 'utf8'[0m
  [4;35;1mSQL (0.1ms)[0m   [0mSET SQL_AUTO_IS_NULL=0[0m


Processing BookingsController#show (for 127.0.0.1 at 2010-05-28 19:57:21) [GET]
  Parameters: {"id"=>"1"}
  [4;36;1mBooking Columns (1.1ms)[0m   [0;1mSHOW FIELDS FROM `bookings`[0m
  [4;35;1mBooking Load (0.2ms)[0m   [0mSELECT * FROM `bookings` WHERE (`bookings`.`id` = 1) [0m
Rendering template within layouts/application
Rendering bookings/show
Completed in 10ms (View: 3, DB: 2) | 200 OK [http://localhost/bookings/1]
  [4;36;1mSQL (0.1ms)[0m   [0;1mSET NAMES 'utf8'[0m
  [4;35;1mSQL (0.2ms)[0m   [0mSET SQL_AUTO_IS_NULL=0[0m


Processing BookingsController#create (for 127.0.0.1 at 2010-05-28 19:57:32) [POST]
  Parameters: {"commit"=>"Search", "authenticity_token"=>"S5GvtG907VeFE+RmYcuCtA9bNJpT+ch5wu8ZoCl6nbs=", "booking"=>{"phone"=>"", "email"=>"amir_snake88@yahoo.com"}}
  [4;36;1mBooking Columns (1.5ms)[0m   [0;1mSHOW FIELDS FROM `bookings`[0m
  [4;35;1mBooking Load (0.3ms)[0m   [0mSELECT * FROM `bookings` WHERE (`bookings`.`email` = 'amir_snake88@yahoo.com') LIMIT 1[0m
Redirected to http://localhost:3000/bookings
Completed in 8ms (DB: 2) | 302 Found [http://localhost/bookings]
  [4;36;1mSQL (0.1ms)[0m   [0;1mSET NAMES 'utf8'[0m
  [4;35;1mSQL (0.1ms)[0m   [0mSET SQL_AUTO_IS_NULL=0[0m


Processing BookingsController#index (for 127.0.0.1 at 2010-05-28 19:57:32) [GET]
Rendering template within layouts/application
Rendering bookings/index
Completed in 5ms (View: 4, DB: 0) | 200 OK [http://localhost/bookings]
  [4;36;1mSQL (0.1ms)[0m   [0;1mSET NAMES 'utf8'[0m
  [4;35;1mSQL (0.1ms)[0m   [0mSET SQL_AUTO_IS_NULL=0[0m


Processing BookingsController#create (for 127.0.0.1 at 2010-05-28 19:59:47) [POST]
  Parameters: {"commit"=>"Search", "authenticity_token"=>"S5GvtG907VeFE+RmYcuCtA9bNJpT+ch5wu8ZoCl6nbs=", "booking"=>{"phone"=>"0198944490", "email"=>""}}
  [4;36;1mBooking Columns (1.4ms)[0m   [0;1mSHOW FIELDS FROM `bookings`[0m
  [4;35;1mBooking Load (0.3ms)[0m   [0mSELECT * FROM `bookings` WHERE (`bookings`.`phone` = '0198944490') LIMIT 1[0m
Redirected to http://localhost:3000/bookings/1
Completed in 8ms (DB: 2) | 302 Found [http://localhost/bookings]
  [4;36;1mSQL (0.1ms)[0m   [0;1mSET NAMES 'utf8'[0m
  [4;35;1mSQL (0.1ms)[0m   [0mSET SQL_AUTO_IS_NULL=0[0m


Processing BookingsController#show (for 127.0.0.1 at 2010-05-28 19:59:47) [GET]
  Parameters: {"id"=>"1"}
  [4;36;1mBooking Columns (1.4ms)[0m   [0;1mSHOW FIELDS FROM `bookings`[0m
  [4;35;1mBooking Load (0.2ms)[0m   [0mSELECT * FROM `bookings` WHERE (`bookings`.`id` = 1) [0m
Rendering template within layouts/application
Rendering bookings/show
Completed in 10ms (View: 3, DB: 2) | 200 OK [http://localhost/bookings/1]
  [4;36;1mSQL (0.1ms)[0m   [0;1mSET NAMES 'utf8'[0m
  [4;35;1mSQL (0.1ms)[0m   [0mSET SQL_AUTO_IS_NULL=0[0m


Processing BookingsController#create (for 127.0.0.1 at 2010-05-28 20:05:53) [POST]
  Parameters: {"commit"=>"Search", "authenticity_token"=>"S5GvtG907VeFE+RmYcuCtA9bNJpT+ch5wu8ZoCl6nbs=", "booking"=>{"phone"=>"0198944490", "email"=>""}}
  [4;36;1mBooking Load (0.6ms)[0m   [0;1mSELECT * FROM `bookings` WHERE (`bookings`.`phone` = '0198944490' AND `bookings`.`claimed` = 0) [0m
  [4;35;1mBooking Columns (1.4ms)[0m   [0mSHOW FIELDS FROM `bookings`[0m

NameError (undefined local variable or method `results_bookings' for #<BookingsController:0x10449e300>):
  app/controllers/bookings_controller.rb:15:in `create'

Rendered rescues/_trace (34.5ms)
Rendered rescues/_request_and_response (3.6ms)
Rendering rescues/layout (internal_server_error)
  [4;36;1mSQL (0.1ms)[0m   [0;1mSET NAMES 'utf8'[0m
  [4;35;1mSQL (0.1ms)[0m   [0mSET SQL_AUTO_IS_NULL=0[0m


Processing BookingsController#create (for 127.0.0.1 at 2010-05-28 20:06:22) [POST]
  Parameters: {"commit"=>"Search", "authenticity_token"=>"S5GvtG907VeFE+RmYcuCtA9bNJpT+ch5wu8ZoCl6nbs=", "booking"=>{"phone"=>"0198944490", "email"=>""}}
  [4;36;1mBooking Load (0.5ms)[0m   [0;1mSELECT * FROM `bookings` WHERE (`bookings`.`phone` = '0198944490' AND `bookings`.`claimed` = 0) [0m
Redirected to http://localhost:3000/bookings/results
Completed in 5ms (DB: 1) | 302 Found [http://localhost/bookings]
  [4;35;1mSQL (0.1ms)[0m   [0mSET NAMES 'utf8'[0m
  [4;36;1mSQL (0.1ms)[0m   [0;1mSET SQL_AUTO_IS_NULL=0[0m


Processing BookingsController#results (for 127.0.0.1 at 2010-05-28 20:06:22) [GET]
Rendering template within layouts/application
Rendering bookings/results

ActionView::TemplateError (You have a nil object when you didn't expect it!
You might have expected an instance of Array.
The error occurred while evaluating nil.empty?) on line #19 of app/views/bookings/results.html.erb:
16: 
17:     </fieldset>
18:   </p>
19: <% end if !@bookings.empty? %>

    app/views/bookings/results.html.erb:19

Rendered rescues/_trace (113.0ms)
Rendered rescues/_request_and_response (0.3ms)
Rendering rescues/layout (internal_server_error)
  [4;35;1mSQL (0.1ms)[0m   [0mSET NAMES 'utf8'[0m
  [4;36;1mSQL (0.1ms)[0m   [0;1mSET SQL_AUTO_IS_NULL=0[0m


Processing BookingsController#results (for 127.0.0.1 at 2010-05-28 20:07:08) [GET]
Rendering template within layouts/application
Rendering bookings/results

ActionView::TemplateError (You have a nil object when you didn't expect it!
You might have expected an instance of Array.
The error occurred while evaluating nil.each) on line #1 of app/views/bookings/results.html.erb:
1: <% @bookings.each do |booking| %>
2:   <p>
3:     <fieldset>
4:       <legend>Verify Information</legend>

    app/views/bookings/results.html.erb:1

Rendered rescues/_trace (41.0ms)
Rendered rescues/_request_and_response (0.3ms)
Rendering rescues/layout (internal_server_error)
  [4;35;1mSQL (0.1ms)[0m   [0mSET NAMES 'utf8'[0m
  [4;36;1mSQL (0.1ms)[0m   [0;1mSET SQL_AUTO_IS_NULL=0[0m


Processing BookingsController#results (for 127.0.0.1 at 2010-05-28 20:07:51) [GET]
Rendering template within layouts/application
Rendering bookings/results

ActionView::TemplateError (You have a nil object when you didn't expect it!
You might have expected an instance of Array.
The error occurred while evaluating nil.empty?) on line #19 of app/views/bookings/results.html.erb:
16: 
17:     </fieldset>
18:   </p>
19: <% end if !@bookings.empty? %>

    app/views/bookings/results.html.erb:19

Rendered rescues/_trace (114.0ms)
Rendered rescues/_request_and_response (0.3ms)
Rendering rescues/layout (internal_server_error)
  [4;35;1mSQL (0.1ms)[0m   [0mSET NAMES 'utf8'[0m
  [4;36;1mSQL (0.1ms)[0m   [0;1mSET SQL_AUTO_IS_NULL=0[0m


Processing BookingsController#results (for 127.0.0.1 at 2010-05-28 20:08:06) [GET]
Rendering template within layouts/application
Rendering bookings/results
Completed in 6ms (View: 5, DB: 0) | 200 OK [http://localhost/bookings/results]
  [4;35;1mSQL (0.1ms)[0m   [0mSET NAMES 'utf8'[0m
  [4;36;1mSQL (0.1ms)[0m   [0;1mSET SQL_AUTO_IS_NULL=0[0m


Processing BookingsController#results (for 127.0.0.1 at 2010-05-28 20:08:33) [GET]
Rendering template within layouts/application
Rendering bookings/results

ActionView::TemplateError (You have a nil object when you didn't expect it!
You might have expected an instance of Array.
The error occurred while evaluating nil.empty?) on line #19 of app/views/bookings/results.html.erb:
16: 
17:     </fieldset>
18:   </p>
19: <% end if !@bookings.empty? %>

    app/views/bookings/results.html.erb:19

Rendered rescues/_trace (41.0ms)
Rendered rescues/_request_and_response (0.3ms)
Rendering rescues/layout (internal_server_error)
  [4;35;1mSQL (0.1ms)[0m   [0mSET NAMES 'utf8'[0m
  [4;36;1mSQL (0.1ms)[0m   [0;1mSET SQL_AUTO_IS_NULL=0[0m


Processing BookingsController#create (for 127.0.0.1 at 2010-05-28 20:08:53) [POST]
  Parameters: {"commit"=>"Search", "authenticity_token"=>"S5GvtG907VeFE+RmYcuCtA9bNJpT+ch5wu8ZoCl6nbs=", "booking"=>{"phone"=>"0198944490", "email"=>""}}
  [4;35;1mBooking Load (0.5ms)[0m   [0mSELECT * FROM `bookings` WHERE (`bookings`.`phone` = '0198944490' AND `bookings`.`claimed` = 0) [0m
  [4;36;1mBooking Columns (1.1ms)[0m   [0;1mSHOW FIELDS FROM `bookings`[0m
Redirected to http://localhost:3000/bookings/results
Completed in 78ms (DB: 2) | 302 Found [http://localhost/bookings]
  [4;35;1mSQL (0.1ms)[0m   [0mSET NAMES 'utf8'[0m
  [4;36;1mSQL (0.1ms)[0m   [0;1mSET SQL_AUTO_IS_NULL=0[0m


Processing BookingsController#results (for 127.0.0.1 at 2010-05-28 20:08:53) [GET]
Rendering template within layouts/application
Rendering bookings/results

ActionView::TemplateError (You have a nil object when you didn't expect it!
You might have expected an instance of Array.
The error occurred while evaluating nil.empty?) on line #19 of app/views/bookings/results.html.erb:
16: 
17:     </fieldset>
18:   </p>
19: <% end if !@bookings.empty? %>

    app/views/bookings/results.html.erb:19

Rendered rescues/_trace (41.0ms)
Rendered rescues/_request_and_response (0.3ms)
Rendering rescues/layout (internal_server_error)
  [4;35;1mSQL (0.1ms)[0m   [0mSET NAMES 'utf8'[0m
  [4;36;1mSQL (0.1ms)[0m   [0;1mSET SQL_AUTO_IS_NULL=0[0m


Processing BookingsController#results (for 127.0.0.1 at 2010-05-28 20:09:01) [GET]
Rendering template within layouts/application
Rendering bookings/results

ActionView::TemplateError (You have a nil object when you didn't expect it!
You might have expected an instance of Array.
The error occurred while evaluating nil.empty?) on line #19 of app/views/bookings/results.html.erb:
16: 
17:     </fieldset>
18:   </p>
19: <% end if !@bookings.empty? %>

    app/views/bookings/results.html.erb:19

Rendered rescues/_trace (113.8ms)
Rendered rescues/_request_and_response (0.3ms)
Rendering rescues/layout (internal_server_error)
  [4;35;1mSQL (0.1ms)[0m   [0mSET NAMES 'utf8'[0m
  [4;36;1mSQL (0.1ms)[0m   [0;1mSET SQL_AUTO_IS_NULL=0[0m


Processing BookingsController#results (for 127.0.0.1 at 2010-05-28 20:09:07) [GET]
Rendering template within layouts/application
Rendering bookings/results

ActionView::TemplateError (You have a nil object when you didn't expect it!
You might have expected an instance of Array.
The error occurred while evaluating nil.empty?) on line #19 of app/views/bookings/results.html.erb:
16: 
17:     </fieldset>
18:   </p>
19: <% end if !@bookings.empty? %>

    app/views/bookings/results.html.erb:19

Rendered rescues/_trace (40.3ms)
Rendered rescues/_request_and_response (0.3ms)
Rendering rescues/layout (internal_server_error)
  [4;35;1mSQL (0.1ms)[0m   [0mSET NAMES 'utf8'[0m
  [4;36;1mSQL (0.1ms)[0m   [0;1mSET SQL_AUTO_IS_NULL=0[0m


Processing BookingsController#create (for 127.0.0.1 at 2010-05-28 20:09:13) [POST]
  Parameters: {"commit"=>"Search", "authenticity_token"=>"S5GvtG907VeFE+RmYcuCtA9bNJpT+ch5wu8ZoCl6nbs=", "booking"=>{"phone"=>"0198944490", "email"=>""}}
  [4;35;1mBooking Load (0.4ms)[0m   [0mSELECT * FROM `bookings` WHERE (`bookings`.`phone` = '0198944490' AND `bookings`.`claimed` = 0) [0m
Redirected to http://localhost:3000/bookings/results
Completed in 5ms (DB: 1) | 302 Found [http://localhost/bookings]
  [4;36;1mSQL (0.1ms)[0m   [0;1mSET NAMES 'utf8'[0m
  [4;35;1mSQL (0.1ms)[0m   [0mSET SQL_AUTO_IS_NULL=0[0m


Processing BookingsController#results (for 127.0.0.1 at 2010-05-28 20:09:13) [GET]
Rendering template within layouts/application
Rendering bookings/results

ActionView::TemplateError (You have a nil object when you didn't expect it!
You might have expected an instance of Array.
The error occurred while evaluating nil.empty?) on line #19 of app/views/bookings/results.html.erb:
16: 
17:     </fieldset>
18:   </p>
19: <% end if !@bookings.empty? %>

    app/views/bookings/results.html.erb:19

Rendered rescues/_trace (114.7ms)
Rendered rescues/_request_and_response (0.3ms)
Rendering rescues/layout (internal_server_error)
  [4;36;1mSQL (0.1ms)[0m   [0;1mSET NAMES 'utf8'[0m
  [4;35;1mSQL (0.1ms)[0m   [0mSET SQL_AUTO_IS_NULL=0[0m


Processing BookingsController#results (for 127.0.0.1 at 2010-05-28 20:10:00) [GET]
Rendering template within layouts/application
Rendering bookings/results

ActionView::TemplateError (You have a nil object when you didn't expect it!
You might have expected an instance of Array.
The error occurred while evaluating nil.empty?) on line #19 of app/views/bookings/results.html.erb:
16: 
17:     </fieldset>
18:   </p>
19: <% end if !@bookings.empty? %>

    app/views/bookings/results.html.erb:19

Rendered rescues/_trace (41.1ms)
Rendered rescues/_request_and_response (0.3ms)
Rendering rescues/layout (internal_server_error)
  [4;36;1mSQL (0.1ms)[0m   [0;1mSET NAMES 'utf8'[0m
  [4;35;1mSQL (0.1ms)[0m   [0mSET SQL_AUTO_IS_NULL=0[0m


Processing BookingsController#create (for 127.0.0.1 at 2010-05-28 20:10:05) [POST]
  Parameters: {"commit"=>"Search", "authenticity_token"=>"S5GvtG907VeFE+RmYcuCtA9bNJpT+ch5wu8ZoCl6nbs=", "booking"=>{"phone"=>"0198944490", "email"=>""}}
  [4;36;1mBooking Load (0.5ms)[0m   [0;1mSELECT * FROM `bookings` WHERE (`bookings`.`phone` = '0198944490' AND `bookings`.`claimed` = 0) [0m
Rendering template within layouts/application
Rendering http://localhost:3000/bookings/results

ActionView::MissingTemplate (Missing template http://localhost:3000/bookings/results.erb in view path app/views):
  app/controllers/bookings_controller.rb:18:in `create'

Rendering rescues/layout (internal_server_error)
  [4;35;1mSQL (0.1ms)[0m   [0mSET NAMES 'utf8'[0m
  [4;36;1mSQL (0.1ms)[0m   [0;1mSET SQL_AUTO_IS_NULL=0[0m


Processing BookingsController#create (for 127.0.0.1 at 2010-05-28 20:10:45) [POST]
  Parameters: {"commit"=>"Search", "authenticity_token"=>"S5GvtG907VeFE+RmYcuCtA9bNJpT+ch5wu8ZoCl6nbs=", "booking"=>{"phone"=>"0198944490", "email"=>""}}
  [4;35;1mBooking Load (0.5ms)[0m   [0mSELECT * FROM `bookings` WHERE (`bookings`.`phone` = '0198944490' AND `bookings`.`claimed` = 0) [0m
Rendering template within layouts/application
Rendering bookings/results
  [4;36;1mBooking Columns (1.6ms)[0m   [0;1mSHOW FIELDS FROM `bookings`[0m
Completed in 13ms (View: 5, DB: 2) | 200 OK [http://localhost/bookings]
  [4;35;1mSQL (0.1ms)[0m   [0mSET NAMES 'utf8'[0m
  [4;36;1mSQL (0.1ms)[0m   [0;1mSET SQL_AUTO_IS_NULL=0[0m


Processing BookingsController#update (for 127.0.0.1 at 2010-05-28 20:11:01) [PUT]
  Parameters: {"commit"=>"Claim", "authenticity_token"=>"S5GvtG907VeFE+RmYcuCtA9bNJpT+ch5wu8ZoCl6nbs=", "id"=>"1"}
  [4;35;1mBooking Columns (1.4ms)[0m   [0mSHOW FIELDS FROM `bookings`[0m
  [4;36;1mBooking Load (0.7ms)[0m   [0;1mSELECT * FROM `bookings` WHERE (`bookings`.`id` = 1) [0m
  [4;35;1mSQL (0.1ms)[0m   [0mBEGIN[0m
  [4;36;1mBooking Update (48.9ms)[0m   [0;1mUPDATE `bookings` SET `updated_at` = '2010-05-28 12:11:01', `claimed` = 1 WHERE `id` = 1[0m
  [4;35;1mSQL (0.6ms)[0m   [0mCOMMIT[0m
Redirected to http://localhost:3000/bookings
Completed in 128ms (DB: 52) | 302 Found [http://localhost/bookings/1]
  [4;36;1mSQL (0.1ms)[0m   [0;1mSET NAMES 'utf8'[0m
  [4;35;1mSQL (0.1ms)[0m   [0mSET SQL_AUTO_IS_NULL=0[0m


Processing BookingsController#index (for 127.0.0.1 at 2010-05-28 20:11:01) [GET]
Rendering template within layouts/application
Rendering bookings/index
Completed in 5ms (View: 4, DB: 0) | 200 OK [http://localhost/bookings]
  [4;36;1mSQL (0.1ms)[0m   [0;1mSET NAMES 'utf8'[0m
  [4;35;1mSQL (0.1ms)[0m   [0mSET SQL_AUTO_IS_NULL=0[0m


Processing BookingsController#create (for 127.0.0.1 at 2010-05-28 20:11:43) [POST]
  Parameters: {"commit"=>"Search", "authenticity_token"=>"S5GvtG907VeFE+RmYcuCtA9bNJpT+ch5wu8ZoCl6nbs=", "booking"=>{"phone"=>"0135904846", "email"=>""}}
  [4;36;1mBooking Load (0.5ms)[0m   [0;1mSELECT * FROM `bookings` WHERE (`bookings`.`phone` = '0135904846' AND `bookings`.`claimed` = 0) [0m
Rendering template within layouts/application
Rendering bookings/results
  [4;35;1mBooking Columns (1.1ms)[0m   [0mSHOW FIELDS FROM `bookings`[0m
Completed in 12ms (View: 7, DB: 2) | 200 OK [http://localhost/bookings]
  [4;36;1mSQL (0.1ms)[0m   [0;1mSET NAMES 'utf8'[0m
  [4;35;1mSQL (0.1ms)[0m   [0mSET SQL_AUTO_IS_NULL=0[0m


Processing BookingsController#create (for 127.0.0.1 at 2010-05-28 20:13:47) [POST]
  Parameters: {"commit"=>"Search", "authenticity_token"=>"S5GvtG907VeFE+RmYcuCtA9bNJpT+ch5wu8ZoCl6nbs=", "booking"=>{"phone"=>"0135904846", "email"=>""}}
  [4;36;1mBooking Load (0.4ms)[0m   [0;1mSELECT * FROM `bookings` WHERE (`bookings`.`phone` = '0135904846') [0m
Rendering template within layouts/application
Rendering bookings/results
  [4;35;1mBooking Columns (1.4ms)[0m   [0mSHOW FIELDS FROM `bookings`[0m
Completed in 17ms (View: 11, DB: 2) | 200 OK [http://localhost/bookings]
  [4;36;1mSQL (0.1ms)[0m   [0;1mSET NAMES 'utf8'[0m
  [4;35;1mSQL (0.1ms)[0m   [0mSET SQL_AUTO_IS_NULL=0[0m


Processing BookingsController#update (for 127.0.0.1 at 2010-05-28 20:13:51) [PUT]
  Parameters: {"commit"=>"Claim", "authenticity_token"=>"S5GvtG907VeFE+RmYcuCtA9bNJpT+ch5wu8ZoCl6nbs=", "id"=>"3"}
  [4;36;1mBooking Columns (1.4ms)[0m   [0;1mSHOW FIELDS FROM `bookings`[0m
  [4;35;1mBooking Load (0.7ms)[0m   [0mSELECT * FROM `bookings` WHERE (`bookings`.`id` = 3) [0m
  [4;36;1mSQL (0.1ms)[0m   [0;1mBEGIN[0m
  [4;35;1mBooking Update (0.3ms)[0m   [0mUPDATE `bookings` SET `updated_at` = '2010-05-28 12:13:51', `claimed` = 1 WHERE `id` = 3[0m
  [4;36;1mSQL (0.5ms)[0m   [0;1mCOMMIT[0m
Redirected to http://localhost:3000/bookings
Completed in 10ms (DB: 3) | 302 Found [http://localhost/bookings/3]
  [4;35;1mSQL (0.1ms)[0m   [0mSET NAMES 'utf8'[0m
  [4;36;1mSQL (0.1ms)[0m   [0;1mSET SQL_AUTO_IS_NULL=0[0m


Processing BookingsController#index (for 127.0.0.1 at 2010-05-28 20:13:51) [GET]
Rendering template within layouts/application
Rendering bookings/index
Completed in 5ms (View: 4, DB: 0) | 200 OK [http://localhost/bookings]
  [4;35;1mSQL (0.2ms)[0m   [0mSET NAMES 'utf8'[0m
  [4;36;1mSQL (0.1ms)[0m   [0;1mSET SQL_AUTO_IS_NULL=0[0m


Processing BookingsController#create (for 127.0.0.1 at 2010-05-28 20:13:59) [POST]
  Parameters: {"commit"=>"Search", "authenticity_token"=>"S5GvtG907VeFE+RmYcuCtA9bNJpT+ch5wu8ZoCl6nbs=", "booking"=>{"phone"=>"0135904846", "email"=>""}}
  [4;35;1mBooking Load (0.5ms)[0m   [0mSELECT * FROM `bookings` WHERE (`bookings`.`phone` = '0135904846') [0m
Rendering template within layouts/application
Rendering bookings/results
  [4;36;1mBooking Columns (1.4ms)[0m   [0;1mSHOW FIELDS FROM `bookings`[0m
Completed in 11ms (View: 5, DB: 2) | 200 OK [http://localhost/bookings]
  [4;35;1mSQL (0.1ms)[0m   [0mSET NAMES 'utf8'[0m
  [4;36;1mSQL (0.1ms)[0m   [0;1mSET SQL_AUTO_IS_NULL=0[0m


Processing BookingsController#create (for 127.0.0.1 at 2010-05-28 20:14:43) [POST]
  Parameters: {"commit"=>"Search", "authenticity_token"=>"S5GvtG907VeFE+RmYcuCtA9bNJpT+ch5wu8ZoCl6nbs=", "booking"=>{"phone"=>"0135904846", "email"=>""}}
  [4;35;1mBooking Load (0.4ms)[0m   [0mSELECT * FROM `bookings` WHERE (`bookings`.`phone` = '0135904846') [0m
Rendering template within layouts/application
Rendering bookings/results
  [4;36;1mBooking Columns (1.4ms)[0m   [0;1mSHOW FIELDS FROM `bookings`[0m
Completed in 16ms (View: 10, DB: 2) | 200 OK [http://localhost/bookings]
  [4;35;1mSQL (0.1ms)[0m   [0mSET NAMES 'utf8'[0m
  [4;36;1mSQL (0.1ms)[0m   [0;1mSET SQL_AUTO_IS_NULL=0[0m


Processing BookingsController#create (for 127.0.0.1 at 2010-05-28 20:15:06) [POST]
  Parameters: {"commit"=>"Search", "authenticity_token"=>"S5GvtG907VeFE+RmYcuCtA9bNJpT+ch5wu8ZoCl6nbs=", "booking"=>{"phone"=>"0135904846", "email"=>""}}
  [4;35;1mBooking Load (0.5ms)[0m   [0mSELECT * FROM `bookings` WHERE (`bookings`.`phone` = '0135904846') [0m
Rendering template within layouts/application
Rendering bookings/results
  [4;36;1mBooking Columns (1.2ms)[0m   [0;1mSHOW FIELDS FROM `bookings`[0m
Completed in 15ms (View: 10, DB: 2) | 200 OK [http://localhost/bookings]
  [4;35;1mSQL (0.1ms)[0m   [0mSET NAMES 'utf8'[0m
  [4;36;1mSQL (0.1ms)[0m   [0;1mSET SQL_AUTO_IS_NULL=0[0m


Processing BookingsController#create (for 127.0.0.1 at 2010-05-28 20:15:44) [POST]
  Parameters: {"commit"=>"Search", "authenticity_token"=>"S5GvtG907VeFE+RmYcuCtA9bNJpT+ch5wu8ZoCl6nbs=", "booking"=>{"phone"=>"0135904846", "email"=>""}}
  [4;35;1mBooking Load (0.5ms)[0m   [0mSELECT * FROM `bookings` WHERE (`bookings`.`phone` = '0135904846') [0m
Rendering template within layouts/application
Rendering bookings/results
  [4;36;1mBooking Columns (1.2ms)[0m   [0;1mSHOW FIELDS FROM `bookings`[0m
Completed in 11ms (View: 5, DB: 2) | 200 OK [http://localhost/bookings]
  [4;35;1mSQL (0.1ms)[0m   [0mSET NAMES 'utf8'[0m
  [4;36;1mSQL (0.1ms)[0m   [0;1mSET SQL_AUTO_IS_NULL=0[0m


Processing BookingsController#index (for 127.0.0.1 at 2010-05-28 20:16:23) [GET]
Rendering template within layouts/application
Rendering bookings/index
Completed in 9ms (View: 8, DB: 0) | 200 OK [http://localhost/]
  [4;35;1mSQL (0.1ms)[0m   [0mSET NAMES 'utf8'[0m
  [4;36;1mSQL (0.1ms)[0m   [0;1mSET SQL_AUTO_IS_NULL=0[0m


Processing BookingsController#index (for 127.0.0.1 at 2010-05-28 20:16:33) [GET]
Rendering template within layouts/application
Rendering bookings/index
Completed in 9ms (View: 7, DB: 0) | 200 OK [http://localhost/]
  [4;35;1mSQL (0.1ms)[0m   [0mSET NAMES 'utf8'[0m
  [4;36;1mSQL (0.1ms)[0m   [0;1mSET SQL_AUTO_IS_NULL=0[0m


Processing BookingsController#index (for 127.0.0.1 at 2010-05-28 20:16:42) [GET]
Rendering template within layouts/application
Rendering bookings/index
Completed in 9ms (View: 8, DB: 0) | 200 OK [http://localhost/]
  [4;35;1mSQL (0.1ms)[0m   [0mSET NAMES 'utf8'[0m
  [4;36;1mSQL (0.1ms)[0m   [0;1mSET SQL_AUTO_IS_NULL=0[0m


Processing BookingsController#index (for 127.0.0.1 at 2010-05-28 20:16:43) [GET]
Rendering template within layouts/application
Rendering bookings/index
Completed in 5ms (View: 4, DB: 0) | 200 OK [http://localhost/]
  [4;35;1mSQL (0.1ms)[0m   [0mSET NAMES 'utf8'[0m
  [4;36;1mSQL (0.1ms)[0m   [0;1mSET SQL_AUTO_IS_NULL=0[0m


Processing BookingsController#index (for 127.0.0.1 at 2010-05-28 20:16:59) [GET]
Rendering template within layouts/application
Rendering bookings/index
Completed in 9ms (View: 8, DB: 0) | 200 OK [http://localhost/]
  [4;35;1mSQL (0.1ms)[0m   [0mSET NAMES 'utf8'[0m
  [4;36;1mSQL (0.1ms)[0m   [0;1mSET SQL_AUTO_IS_NULL=0[0m


Processing BookingsController#index (for 127.0.0.1 at 2010-05-28 20:17:13) [GET]
Rendering template within layouts/application
Rendering bookings/index
Completed in 9ms (View: 8, DB: 0) | 200 OK [http://localhost/]
  [4;35;1mSQL (0.1ms)[0m   [0mSET NAMES 'utf8'[0m
  [4;36;1mSQL (0.1ms)[0m   [0;1mSET SQL_AUTO_IS_NULL=0[0m


Processing BookingsController#index (for 127.0.0.1 at 2010-05-28 20:17:17) [GET]
Rendering template within layouts/application
Rendering bookings/index
Completed in 9ms (View: 8, DB: 0) | 200 OK [http://localhost/]
  [4;35;1mSQL (0.1ms)[0m   [0mSET NAMES 'utf8'[0m
  [4;36;1mSQL (0.1ms)[0m   [0;1mSET SQL_AUTO_IS_NULL=0[0m


Processing BookingsController#index (for 127.0.0.1 at 2010-05-28 20:17:46) [GET]
Rendering template within layouts/application
Rendering bookings/index
Completed in 9ms (View: 7, DB: 0) | 200 OK [http://localhost/]
  [4;35;1mSQL (0.1ms)[0m   [0mSET NAMES 'utf8'[0m
  [4;36;1mSQL (0.1ms)[0m   [0;1mSET SQL_AUTO_IS_NULL=0[0m


Processing BookingsController#create (for 127.0.0.1 at 2010-05-28 20:19:21) [POST]
  Parameters: {"commit"=>"Search", "authenticity_token"=>"S5GvtG907VeFE+RmYcuCtA9bNJpT+ch5wu8ZoCl6nbs=", "booking"=>{"phone"=>"", "email"=>"chocoberryshake@yahoo.com"}}
  [4;35;1mBooking Load (248.5ms)[0m   [0mSELECT * FROM `bookings` WHERE (`bookings`.`email` = 'chocoberryshake@yahoo.com') [0m
Rendering template within layouts/application
Rendering bookings/results
  [4;36;1mBooking Columns (1.1ms)[0m   [0;1mSHOW FIELDS FROM `bookings`[0m
Completed in 257ms (View: 4, DB: 250) | 200 OK [http://localhost/bookings]
  [4;35;1mSQL (0.1ms)[0m   [0mSET NAMES 'utf8'[0m
  [4;36;1mSQL (0.1ms)[0m   [0;1mSET SQL_AUTO_IS_NULL=0[0m


Processing BookingsController#create (for 127.0.0.1 at 2010-05-28 20:19:30) [POST]
  Parameters: {"commit"=>"Search", "authenticity_token"=>"S5GvtG907VeFE+RmYcuCtA9bNJpT+ch5wu8ZoCl6nbs=", "booking"=>{"phone"=>"0198944490", "email"=>"chocoberryshake@yahoo.com"}}
  [4;35;1mBooking Load (0.4ms)[0m   [0mSELECT * FROM `bookings` WHERE (`bookings`.`phone` = '0198944490') [0m
Rendering template within layouts/application
Rendering bookings/results
  [4;36;1mBooking Columns (1.3ms)[0m   [0;1mSHOW FIELDS FROM `bookings`[0m
Completed in 9ms (View: 3, DB: 2) | 200 OK [http://localhost/bookings]
  [4;35;1mSQL (0.1ms)[0m   [0mSET NAMES 'utf8'[0m
  [4;36;1mSQL (0.1ms)[0m   [0;1mSET SQL_AUTO_IS_NULL=0[0m


Processing BookingsController#create (for 127.0.0.1 at 2010-05-28 20:20:00) [POST]
  Parameters: {"commit"=>"Search", "authenticity_token"=>"S5GvtG907VeFE+RmYcuCtA9bNJpT+ch5wu8ZoCl6nbs=", "booking"=>{"phone"=>"0198944490", "email"=>"chocoberryshake@yahoo.com"}}
  [4;35;1mBooking Load (0.4ms)[0m   [0mSELECT * FROM `bookings` WHERE (`bookings`.`phone` = '0198944490') [0m
Rendering template within layouts/application
Rendering bookings/results
  [4;36;1mBooking Columns (1.4ms)[0m   [0;1mSHOW FIELDS FROM `bookings`[0m
Completed in 14ms (View: 8, DB: 2) | 200 OK [http://localhost/bookings]
  [4;35;1mSQL (0.1ms)[0m   [0mSET NAMES 'utf8'[0m
  [4;36;1mSQL (0.1ms)[0m   [0;1mSET SQL_AUTO_IS_NULL=0[0m


Processing BookingsController#index (for 127.0.0.1 at 2010-05-28 20:20:04) [GET]
Rendering template within layouts/application
Rendering bookings/index
Completed in 5ms (View: 4, DB: 0) | 200 OK [http://localhost/bookings]
  [4;35;1mSQL (0.1ms)[0m   [0mSET NAMES 'utf8'[0m
  [4;36;1mSQL (0.1ms)[0m   [0;1mSET SQL_AUTO_IS_NULL=0[0m


Processing BookingsController#create (for 127.0.0.1 at 2010-05-28 20:20:14) [POST]
  Parameters: {"commit"=>"Search", "authenticity_token"=>"S5GvtG907VeFE+RmYcuCtA9bNJpT+ch5wu8ZoCl6nbs=", "booking"=>{"phone"=>"0135904846", "email"=>""}}
  [4;35;1mBooking Load (0.4ms)[0m   [0mSELECT * FROM `bookings` WHERE (`bookings`.`phone` = '0135904846') [0m
Rendering template within layouts/application
Rendering bookings/results
  [4;36;1mBooking Columns (1.3ms)[0m   [0;1mSHOW FIELDS FROM `bookings`[0m
Completed in 11ms (View: 5, DB: 2) | 200 OK [http://localhost/bookings]
  [4;35;1mSQL (0.1ms)[0m   [0mSET NAMES 'utf8'[0m
  [4;36;1mSQL (0.1ms)[0m   [0;1mSET SQL_AUTO_IS_NULL=0[0m


Processing BookingsController#index (for 127.0.0.1 at 2010-05-28 20:20:18) [GET]
Rendering template within layouts/application
Rendering bookings/index
Completed in 5ms (View: 4, DB: 0) | 200 OK [http://localhost/bookings]
  [4;35;1mSQL (0.1ms)[0m   [0mSET NAMES 'utf8'[0m
  [4;36;1mSQL (0.1ms)[0m   [0;1mSET SQL_AUTO_IS_NULL=0[0m


Processing BookingsController#index (for 127.0.0.1 at 2010-05-28 20:20:43) [GET]
Rendering template within layouts/application
Rendering bookings/index
Completed in 5ms (View: 4, DB: 0) | 200 OK [http://localhost/bookings]
  [4;35;1mSQL (0.1ms)[0m   [0mSET NAMES 'utf8'[0m
  [4;36;1mSQL (0.1ms)[0m   [0;1mSET SQL_AUTO_IS_NULL=0[0m


Processing BookingsController#create (for 127.0.0.1 at 2010-05-28 20:20:44) [POST]
  Parameters: {"commit"=>"Search", "authenticity_token"=>"S5GvtG907VeFE+RmYcuCtA9bNJpT+ch5wu8ZoCl6nbs=", "booking"=>{"phone"=>"", "email"=>"ashaaribizz@gmail.com"}}
  [4;35;1mBooking Load (26.6ms)[0m   [0mSELECT * FROM `bookings` WHERE (`bookings`.`email` = 'ashaaribizz@gmail.com') [0m
Rendering template within layouts/application
Rendering bookings/results
  [4;36;1mBooking Columns (1.4ms)[0m   [0;1mSHOW FIELDS FROM `bookings`[0m
Completed in 37ms (View: 6, DB: 28) | 200 OK [http://localhost/bookings]
  [4;35;1mSQL (0.2ms)[0m   [0mSET NAMES 'utf8'[0m
  [4;36;1mSQL (0.1ms)[0m   [0;1mSET SQL_AUTO_IS_NULL=0[0m


Processing BookingsController#index (for 127.0.0.1 at 2010-05-28 20:20:57) [GET]
Rendering template within layouts/application
Rendering bookings/index
Completed in 5ms (View: 4, DB: 0) | 200 OK [http://localhost/bookings]
  [4;35;1mSQL (0.1ms)[0m   [0mSET NAMES 'utf8'[0m
  [4;36;1mSQL (0.1ms)[0m   [0;1mSET SQL_AUTO_IS_NULL=0[0m


Processing BookingsController#create (for 127.0.0.1 at 2010-05-28 20:21:11) [POST]
  Parameters: {"commit"=>"Search", "authenticity_token"=>"S5GvtG907VeFE+RmYcuCtA9bNJpT+ch5wu8ZoCl6nbs=", "booking"=>{"phone"=>"0123456789", "email"=>""}}
  [4;35;1mBooking Load (22.7ms)[0m   [0mSELECT * FROM `bookings` WHERE (`bookings`.`phone` = '0123456789') [0m
Rendering template within layouts/application
Rendering bookings/results
  [4;36;1mBooking Columns (1.0ms)[0m   [0;1mSHOW FIELDS FROM `bookings`[0m
Completed in 34ms (View: 6, DB: 24) | 200 OK [http://localhost/bookings]
  [4;35;1mSQL (0.1ms)[0m   [0mSET NAMES 'utf8'[0m
  [4;36;1mSQL (0.1ms)[0m   [0;1mSET SQL_AUTO_IS_NULL=0[0m


Processing BookingsController#index (for 127.0.0.1 at 2010-05-28 20:21:18) [GET]
Rendering template within layouts/application
Rendering bookings/index
Completed in 5ms (View: 4, DB: 0) | 200 OK [http://localhost/bookings]
  [4;35;1mSQL (0.1ms)[0m   [0mSET NAMES 'utf8'[0m
  [4;36;1mSQL (0.1ms)[0m   [0;1mSET SQL_AUTO_IS_NULL=0[0m


Processing BookingsController#index (for 127.0.0.1 at 2010-05-28 20:21:44) [GET]
Rendering template within layouts/application
Rendering bookings/index
Completed in 9ms (View: 7, DB: 0) | 200 OK [http://localhost/bookings]
